{"/home/maryam/Desktop/Assignment-saya/src/models/user/user.enum.ts": {"path":"/home/maryam/Desktop/Assignment-saya/src/models/user/user.enum.ts","statementMap":{"0":{"start":{"line":1,"column":0},"end":{"line":1,"column":null}},"1":{"start":{"line":2,"column":2},"end":{"line":2,"column":null}},"2":{"start":{"line":3,"column":2},"end":{"line":3,"column":null}},"3":{"start":{"line":4,"column":2},"end":{"line":4,"column":null}}},"fnMap":{"0":{"name":"(anonymous_0)","decl":{"start":{"line":1,"column":0},"end":{"line":1,"column":12}},"loc":{"start":{"line":1,"column":18},"end":{"line":5,"column":1}}}},"branchMap":{"0":{"loc":{"start":{"line":1,"column":12},"end":{"line":1,"column":null}},"type":"binary-expr","locations":[{"start":{"line":1,"column":12},"end":{"line":1,"column":18}},{"start":{"line":1,"column":18},"end":{"line":1,"column":null}}]}},"s":{"0":1,"1":1,"2":1,"3":1},"f":{"0":1},"b":{"0":[1,1]}}
,"/home/maryam/Desktop/Assignment-saya/src/userController/user.service.ts": {"path":"/home/maryam/Desktop/Assignment-saya/src/userController/user.service.ts","statementMap":{"0":{"start":{"line":9,"column":0},"end":{"line":9,"column":22}},"1":{"start":{"line":25,"column":0},"end":{"line":25,"column":22}},"2":{"start":{"line":39,"column":0},"end":{"line":39,"column":22}},"3":{"start":{"line":60,"column":0},"end":{"line":60,"column":22}},"4":{"start":{"line":81,"column":0},"end":{"line":81,"column":22}},"5":{"start":{"line":1,"column":0},"end":{"line":1,"column":50}},"6":{"start":{"line":10,"column":2},"end":{"line":22,"column":3}},"7":{"start":{"line":11,"column":20},"end":{"line":11,"column":43}},"8":{"start":{"line":12,"column":4},"end":{"line":15,"column":6}},"9":{"start":{"line":17,"column":4},"end":{"line":17,"column":21}},"10":{"start":{"line":18,"column":4},"end":{"line":21,"column":6}},"11":{"start":{"line":26,"column":2},"end":{"line":36,"column":3}},"12":{"start":{"line":27,"column":17},"end":{"line":27,"column":34}},"13":{"start":{"line":28,"column":4},"end":{"line":30,"column":6}},"14":{"start":{"line":32,"column":4},"end":{"line":35,"column":6}},"15":{"start":{"line":40,"column":2},"end":{"line":57,"column":3}},"16":{"start":{"line":41,"column":17},"end":{"line":41,"column":49}},"17":{"start":{"line":42,"column":4},"end":{"line":47,"column":5}},"18":{"start":{"line":43,"column":6},"end":{"line":46,"column":8}},"19":{"start":{"line":48,"column":4},"end":{"line":51,"column":6}},"20":{"start":{"line":53,"column":4},"end":{"line":56,"column":6}},"21":{"start":{"line":61,"column":2},"end":{"line":78,"column":3}},"22":{"start":{"line":62,"column":17},"end":{"line":62,"column":79}},"23":{"start":{"line":63,"column":4},"end":{"line":68,"column":5}},"24":{"start":{"line":64,"column":6},"end":{"line":67,"column":8}},"25":{"start":{"line":69,"column":4},"end":{"line":72,"column":6}},"26":{"start":{"line":74,"column":4},"end":{"line":77,"column":6}},"27":{"start":{"line":82,"column":2},"end":{"line":99,"column":3}},"28":{"start":{"line":83,"column":17},"end":{"line":83,"column":58}},"29":{"start":{"line":84,"column":4},"end":{"line":89,"column":5}},"30":{"start":{"line":85,"column":6},"end":{"line":88,"column":8}},"31":{"start":{"line":90,"column":4},"end":{"line":93,"column":6}},"32":{"start":{"line":95,"column":4},"end":{"line":98,"column":6}}},"fnMap":{"0":{"name":"createUser","decl":{"start":{"line":9,"column":22},"end":{"line":9,"column":32}},"loc":{"start":{"line":9,"column":54},"end":{"line":23,"column":null}}},"1":{"name":"getUsers","decl":{"start":{"line":25,"column":22},"end":{"line":25,"column":30}},"loc":{"start":{"line":25,"column":30},"end":{"line":37,"column":null}}},"2":{"name":"findUser","decl":{"start":{"line":39,"column":22},"end":{"line":39,"column":30}},"loc":{"start":{"line":39,"column":41},"end":{"line":58,"column":null}}},"3":{"name":"updateUser","decl":{"start":{"line":60,"column":22},"end":{"line":60,"column":32}},"loc":{"start":{"line":60,"column":66},"end":{"line":79,"column":null}}},"4":{"name":"deleteUser","decl":{"start":{"line":81,"column":22},"end":{"line":81,"column":32}},"loc":{"start":{"line":81,"column":43},"end":{"line":100,"column":null}}}},"branchMap":{"0":{"loc":{"start":{"line":42,"column":4},"end":{"line":47,"column":5}},"type":"if","locations":[{"start":{"line":42,"column":4},"end":{"line":47,"column":5}}]},"1":{"loc":{"start":{"line":63,"column":4},"end":{"line":68,"column":5}},"type":"if","locations":[{"start":{"line":63,"column":4},"end":{"line":68,"column":5}}]},"2":{"loc":{"start":{"line":84,"column":4},"end":{"line":89,"column":5}},"type":"if","locations":[{"start":{"line":84,"column":4},"end":{"line":89,"column":5}}]}},"s":{"0":1,"1":1,"2":1,"3":1,"4":1,"5":1,"6":2,"7":2,"8":1,"9":1,"10":1,"11":2,"12":2,"13":1,"14":1,"15":3,"16":3,"17":2,"18":1,"19":1,"20":1,"21":3,"22":3,"23":2,"24":1,"25":1,"26":1,"27":3,"28":3,"29":2,"30":1,"31":1,"32":1},"f":{"0":2,"1":2,"2":3,"3":3,"4":3},"b":{"0":[1],"1":[1],"2":[1]}}
}
