TN:
SF:src/models/user/user.enum.ts
FN:1,(anonymous_0)
FNF:1
FNH:1
FNDA:1,(anonymous_0)
DA:1,1
DA:2,1
DA:3,1
DA:4,1
LF:4
LH:4
BRDA:1,0,0,1
BRDA:1,0,1,1
BRF:2
BRH:2
end_of_record
TN:
SF:src/userController/user.service.ts
FN:9,createUser
FN:25,getUsers
FN:39,findUser
FN:60,updateUser
FN:81,deleteUser
FNF:5
FNH:5
FNDA:2,createUser
FNDA:2,getUsers
FNDA:3,findUser
FNDA:3,updateUser
FNDA:3,deleteUser
DA:1,1
DA:9,1
DA:10,2
DA:11,2
DA:12,1
DA:17,1
DA:18,1
DA:25,1
DA:26,2
DA:27,2
DA:28,1
DA:32,1
DA:39,1
DA:40,3
DA:41,3
DA:42,2
DA:43,1
DA:48,1
DA:53,1
DA:60,1
DA:61,3
DA:62,3
DA:63,2
DA:64,1
DA:69,1
DA:74,1
DA:81,1
DA:82,3
DA:83,3
DA:84,2
DA:85,1
DA:90,1
DA:95,1
LF:33
LH:33
BRDA:42,0,0,1
BRDA:63,1,0,1
BRDA:84,2,0,1
BRF:3
BRH:3
end_of_record
